[debug] [2022-12-02T00:37:41.257Z] ----------------------------------------------------------------------
[debug] [2022-12-02T00:37:41.258Z] Command:       /usr/local/bin/node /usr/local/bin/firebase deploy
[debug] [2022-12-02T00:37:41.258Z] CLI Version:   11.11.0
[debug] [2022-12-02T00:37:41.259Z] Platform:      darwin
[debug] [2022-12-02T00:37:41.259Z] Node Version:  v16.15.0
[debug] [2022-12-02T00:37:41.262Z] Time:          Thu Dec 01 2022 18:37:41 GMT-0600 (Central Standard Time)
[debug] [2022-12-02T00:37:41.262Z] ----------------------------------------------------------------------
[debug] 
[debug] [2022-12-02T00:37:41.263Z] >>> [apiv2][query] GET https://firebase-public.firebaseio.com/cli.json [none]
[debug] [2022-12-02T00:37:41.300Z] > command requires scopes: ["email","openid","https://www.googleapis.com/auth/cloudplatformprojects.readonly","https://www.googleapis.com/auth/firebase","https://www.googleapis.com/auth/cloud-platform"]
[debug] [2022-12-02T00:37:41.301Z] > authorizing via signed-in user (alexfeng02@gmail.com)
[debug] [2022-12-02T00:37:41.301Z] [iam] checking project split-abdf6 for permissions ["firebase.projects.get","firebasehosting.sites.update"]
[debug] [2022-12-02T00:37:41.301Z] > refreshing access token with scopes: []
[debug] [2022-12-02T00:37:41.301Z] >>> [apiv2][query] POST https://www.googleapis.com/oauth2/v3/token [none]
[debug] [2022-12-02T00:37:41.302Z] >>> [apiv2][body] POST https://www.googleapis.com/oauth2/v3/token [omitted]
[debug] [2022-12-02T00:37:41.358Z] <<< [apiv2][status] GET https://firebase-public.firebaseio.com/cli.json 200
[debug] [2022-12-02T00:37:41.358Z] <<< [apiv2][body] GET https://firebase-public.firebaseio.com/cli.json {"cloudBuildErrorAfter":1594252800000,"cloudBuildWarnAfter":1590019200000,"defaultNode10After":1594252800000,"minVersion":"3.0.5","node8DeploysDisabledAfter":1613390400000,"node8RuntimeDisabledAfter":1615809600000,"node8WarnAfter":1600128000000}
[debug] [2022-12-02T00:37:41.432Z] <<< [apiv2][status] POST https://www.googleapis.com/oauth2/v3/token 200
[debug] [2022-12-02T00:37:41.432Z] <<< [apiv2][body] POST https://www.googleapis.com/oauth2/v3/token [omitted]
[debug] [2022-12-02T00:37:41.476Z] >>> [apiv2][query] POST https://cloudresourcemanager.googleapis.com/v1/projects/split-abdf6:testIamPermissions [none]
[debug] [2022-12-02T00:37:41.476Z] >>> [apiv2][(partial)header] POST https://cloudresourcemanager.googleapis.com/v1/projects/split-abdf6:testIamPermissions x-goog-quota-user=projects/split-abdf6
[debug] [2022-12-02T00:37:41.476Z] >>> [apiv2][body] POST https://cloudresourcemanager.googleapis.com/v1/projects/split-abdf6:testIamPermissions {"permissions":["firebase.projects.get","firebasehosting.sites.update"]}
[debug] [2022-12-02T00:37:41.658Z] <<< [apiv2][status] POST https://cloudresourcemanager.googleapis.com/v1/projects/split-abdf6:testIamPermissions 200
[debug] [2022-12-02T00:37:41.658Z] <<< [apiv2][body] POST https://cloudresourcemanager.googleapis.com/v1/projects/split-abdf6:testIamPermissions {}
[debug] [2022-12-02T00:37:41.659Z] [iam] error while checking permissions, command may fail: FirebaseError: Authorization failed. This account is missing the following required permissions on project split-abdf6:

  firebase.projects.get
  firebasehosting.sites.update
[debug] [2022-12-02T00:37:41.660Z] >>> [apiv2][query] GET https://firebase.googleapis.com/v1beta1/projects/split-abdf6 [none]
[debug] [2022-12-02T00:37:41.869Z] <<< [apiv2][status] GET https://firebase.googleapis.com/v1beta1/projects/split-abdf6 403
[debug] [2022-12-02T00:37:41.869Z] <<< [apiv2][body] GET https://firebase.googleapis.com/v1beta1/projects/split-abdf6 {"error":{"code":403,"message":"The caller does not have permission","status":"PERMISSION_DENIED"}}
[debug] [2022-12-02T00:37:41.869Z] HTTP Error: 403, The caller does not have permission
[debug] [2022-12-02T00:37:41.914Z] FirebaseError: HTTP Error: 403, The caller does not have permission
    at responseToError (/usr/local/lib/node_modules/firebase-tools/lib/responseToError.js:49:12)
    at RetryOperation._fn (/usr/local/lib/node_modules/firebase-tools/lib/apiv2.js:288:77)
    at processTicksAndRejections (node:internal/process/task_queues:96:5)
[error] 
[error] Error: Failed to get Firebase project split-abdf6. Please make sure the project exists and your account has permission to access it.
